<?xml version="1.0" encoding="UTF-8"?>
<!-- Generated by org.testng.reporters.JUnitReportReporter -->
<testsuite hostname="Aashus-MacBook-Air.local" failures="0" tests="1" name="entrata.testcases.FooterLinkCount" time="0.327" errors="0" timestamp="2024-09-20T22:34:20 IST" skipped="0">
  <testcase classname="entrata.testcases.FooterLinkCount" name="footerLinkCount" time="0.327"/>
</testsuite> <!-- entrata.testcases.FooterLinkCount -->
