<?xml version="1.0" encoding="UTF-8"?>
<!-- Generated by org.testng.reporters.JUnitReportReporter -->
<testsuite hostname="Aashus-MacBook-Air.local" failures="0" tests="3" name="entrata.testcases.LoginToEntrata" time="9.913" errors="0" timestamp="2024-09-20T22:33:59 IST" skipped="0">
  <testcase classname="entrata.testcases.LoginToEntrata" name="mouseHover" time="3.462"/>
  <testcase classname="entrata.testcases.LoginToEntrata" name="LoginToEntrata" time="3.022"/>
  <testcase classname="entrata.testcases.LoginToEntrata" name="watchDemo" time="3.429"/>
</testsuite> <!-- entrata.testcases.LoginToEntrata -->
