<?xml version="1.0" encoding="UTF-8"?>
<!-- Generated by org.testng.reporters.JUnitReportReporter -->
<testsuite hostname="Aashus-MacBook-Air.local" failures="0" tests="1" name="NewTest" time="0.009" errors="0" timestamp="2024-09-20T21:51:45 IST" skipped="0">
  <testcase classname="NewTest" name="f" time="0.009"/>
</testsuite> <!-- NewTest -->
